2025 05 25 2131.连接两字母单词得到的最长回文串.cpp
2025 05 25 1.两数之和.cpp
2025 05 25 15.三数之和.cpp
2025 05 25 202.快乐数.cpp
2025 05 25 242.cpp
2025 05 25 349.两个数组的交集.cpp
2025 05 25 383.赎金信.cpp
2025 05 25 454.四数相加-ii.cpp
2025 05 25 6.z-字形变换.cpp
2025 05 24 142.环形链表-ii.cpp
2025 05 24 160.相交链表.cpp
2025 05 24 19.删除链表的倒数第-n-个结点.cpp
2025 05 24 203.移除链表元素.cpp
2025 05 24 206.反转链表.cpp
2025 05 24 24.两两交换链表中的节点.cpp
2025 05 24 707.设计链表.cpp
2025 05 23 59.cpp
2025 05 23 kama_44.cpp
2025 05 23 kama_58.cpp
2025 05 23 209.长度最小的子数组.cpp
2025 05 23 27.移除元素.cpp
2025 05 23 704.二分查找.cpp
2025 05 23 977.有序数组的平方.cpp
2025 05 23 139.单词拆分.cpp
2025 05 23 279.完全平方数.cpp
2025 05 23 322.零钱兑换.cpp
2025 05 23 377.组合总和-ⅳ.cpp
2025 05 23 518.零钱兑换-ii.cpp
2025 05 23 kama_52.cpp
2025 05 23 kama_57.cpp
